<?xml version="1.0" encoding="UTF-8"?>
<!-- Generated by org.testng.reporters.JUnitReportReporter -->
<testsuite hostname="Onkar" failures="0" tests="12" name="BookStore.test.EndToEndBookStore" time="4.991" errors="0" timestamp="2025-06-24T18:34:13 IST" skipped="0">
  <testcase classname="BookStore.test.EndToEndBookStore" name="userSignUp" time="3.782"/>
  <testcase classname="BookStore.test.EndToEndBookStore" name="userLoginAPI" time="0.392"/>
  <testcase classname="BookStore.test.EndToEndBookStore" name="createBookAPI" time="0.073"/>
  <testcase classname="BookStore.test.EndToEndBookStore" name="getBookAPI" time="0.075"/>
  <testcase classname="BookStore.test.EndToEndBookStore" name="updateBookAPI" time="0.086"/>
  <testcase classname="BookStore.test.EndToEndBookStore" name="getBookByIdAPI" time="0.036"/>
  <testcase classname="BookStore.test.EndToEndBookStore" name="deleteBookAPI" time="0.040"/>
  <testcase classname="BookStore.test.EndToEndBookStore" name="userSignUp_DuplicateEmail" time="0.029"/>
  <testcase classname="BookStore.test.EndToEndBookStore" name="userLogin_WrongPassword" time="0.355"/>
  <testcase classname="BookStore.test.EndToEndBookStore" name="createBook_MissingName" time="0.066"/>
  <testcase classname="BookStore.test.EndToEndBookStore" name="getBookByInvalidId" time="0.032"/>
  <testcase classname="BookStore.test.EndToEndBookStore" name="updateBookWithInvalidToken" time="0.025"/>
</testsuite> <!-- BookStore.test.EndToEndBookStore -->
